<?xml version="1.0" encoding="UTF-8"?>
<!-- Generated by org.testng.reporters.JUnitXMLReporter -->
<testsuite ignored="0" hostname="LAPTOP-7UOI14JD" failures="0" tests="3" name="Default test" time="84.557" errors="0" timestamp="2022-11-28T21:31:21 IST">
  <testcase classname="pack1.PoprItemsTest" name="laptoptest" time="23.058"/>
  <testcase classname="pack1.PoprItemsTest" name="spktest" time="21.131"/>
  <testcase classname="pack1.PoprItemsTest" name="tabtest" time="20.433"/>
</testsuite> <!-- Default test -->
